\BOOKMARK [1][-]{section.1}{\376\377\000I\000n\000t\000r\000o\000d\000u\000c\000c\000i\000\363}{}% 1
\BOOKMARK [1][-]{section.2}{\376\377\000O\000b\000j\000e\000c\000t\000i\000u\000s}{}% 2
\BOOKMARK [2][-]{subsection.2.1}{\376\377\000M\000a\000p\000a}{section.2}% 3
\BOOKMARK [1][-]{section.3}{\376\377\000D\000i\000s\000s\000e\000n\000y}{}% 4
\BOOKMARK [2][-]{subsection.3.1}{\376\377\000D\000e\000t\000e\000c\000c\000i\000\363\000\040\000d\000e\000\040\000c\000o\000l\000i\000s\000i\000o\000n\000s}{section.3}% 5
\BOOKMARK [2][-]{subsection.3.2}{\376\377\000N\000i\000v\000e\000l\000l\000s\000,\000\040\000e\000l\000e\000m\000e\000n\000t\000s\000\040\000i\000\040\000e\000n\000t\000i\000t\000a\000t\000s}{section.3}% 6
\BOOKMARK [3][-]{subsubsection.3.2.1}{\376\377\000C\000a\000t\000e\000g\000o\000r\000i\000e\000s\000\040\000d\000'\000e\000l\000e\000m\000e\000n\000t\000s\000\040\000i\000\040\000e\000n\000t\000i\000t\000a\000t\000s}{subsection.3.2}% 7
\BOOKMARK [2][-]{subsection.3.3}{\376\377\000M\000e\000c\000\340\000n\000i\000q\000u\000e\000s}{section.3}% 8
\BOOKMARK [3][-]{subsubsection.3.3.1}{\376\377\000E\000q\000u\000i\000p\000a\000r\000\040\000I\000t\000e\000m\000s}{subsection.3.3}% 9
\BOOKMARK [3][-]{subsubsection.3.3.2}{\376\377\000A\000t\000a\000c\000a\000r}{subsection.3.3}% 10
\BOOKMARK [3][-]{subsubsection.3.3.3}{\376\377\000I\000n\000t\000e\000r\000a\000c\000t\000u\000a\000r}{subsection.3.3}% 11
\BOOKMARK [3][-]{subsubsection.3.3.4}{\376\377\000T\000o\000c\000a\000r}{subsection.3.3}% 12
\BOOKMARK [2][-]{subsection.3.4}{\376\377\000T\000r\000i\000g\000g\000e\000r\000s}{section.3}% 13
\BOOKMARK [1][-]{section.4}{\376\377\000T\000r\000e\000n\000c\000a\000\040\000c\000l\000o\000s\000q\000u\000e\000s}{}% 14
\BOOKMARK [2][-]{subsection.4.1}{\376\377\000L\000i\000g\000h\000t\000s\000\040\000O\000u\000t}{section.4}% 15
\BOOKMARK [2][-]{subsection.4.2}{\376\377\000O\000b\000j\000e\000c\000t\000e\000s\000\040\000P\000e\000s\000a\000t\000s}{section.4}% 16
\BOOKMARK [2][-]{subsection.4.3}{\376\377\000P\000r\000e\000g\000u\000n\000t\000e\000s\000\040\000i\000\040\000R\000e\000s\000p\000o\000s\000t\000e\000s}{section.4}% 17
\BOOKMARK [1][-]{section.5}{\376\377\000E\000n\000e\000m\000i\000c\000s}{}% 18
\BOOKMARK [1][-]{section.6}{\376\377\000M\000e\000n\000u\000s}{}% 19
\BOOKMARK [1][-]{section.7}{\376\377\000N\000o\000\040\000P\000l\000a\000n\000e\000j\000a\000t}{}% 20
\BOOKMARK [1][-]{section.8}{\376\377\000E\000x\000a\000m\000p\000l\000e\000s}{}% 21
\BOOKMARK [2][-]{subsection.8.1}{\376\377\000T\000e\000x\000t}{section.8}% 22
\BOOKMARK [2][-]{subsection.8.2}{\376\377\000C\000o\000d\000e}{section.8}% 23
